Removed Pin From Net: NetName=1 Pin=Mat1-1
Removed Pin From Net: NetName=2 Pin=Mat1-2
Removed Pin From Net: NetName=3 Pin=Mat1-3
Removed Pin From Net: NetName=6 Pin=Mat1-6
Removed Pin From Net: NetName=11 Pin=Mat1-11
Removed Pin From Net: NetName=12 Pin=Mat1-12
Removed Pin From Net: NetName=13 Pin=Mat1-13
Removed Pin From Net: NetName=14 Pin=Mat1-14
Removed Pin From Net: NetName=17 Pin=Mat1-17
Removed Pin From Net: NetName=21 Pin=Mat1-21
Removed Pin From Net: NetName=23 Pin=Mat1-23
Removed Pin From Net: NetName=24 Pin=Mat1-24
Removed Pin From Net: NetName=25 Pin=Mat1-25
Removed Pin From Net: NetName=27 Pin=Mat1-27
Removed Pin From Net: NetName=29 Pin=Mat1-29
Removed Pin From Net: NetName=30 Pin=Mat1-30
Removed Pin From Net: NetName=32 Pin=Mat1-32
Removed Pin From Net: NetName=33 Pin=Mat1-33
Removed Pin From Net: NetName=33 Pin=Mat1-33
Removed Pin From Net: NetName=34 Pin=Mat1-34
Removed Pin From Net: NetName=35 Pin=Mat1-35
Removed Pin From Net: NetName=36 Pin=Mat1-36
Removed Pin From Net: NetName=38 Pin=Mat1-38
Removed Pin From Net: NetName=40 Pin=Mat1-40
Removed Pin From Net: NetName=41 Pin=Mat1-41
Removed Pin From Net: NetName=41 Pin=Mat1-41
Removed Pin From Net: NetName=42 Pin=Mat1-42
Removed Pin From Net: NetName=44 Pin=Mat1-44
Removed Pin From Net: NetName=47 Pin=Mat1-47
Removed Pin From Net: NetName=48 Pin=Mat1-48
Removed Pin From Net: NetName=51 Pin=Mat1-51
Removed Pin From Net: NetName=52 Pin=Mat1-52
Removed Pin From Net: NetName=53 Pin=Mat1-53
Removed Pin From Net: NetName=55 Pin=Mat1-55
Removed Pin From Net: NetName=56 Pin=Mat1-56
Removed Pin From Net: NetName=57 Pin=Mat1-57
Removed Pin From Net: NetName=58 Pin=Mat1-58
Removed Pin From Net: NetName=59 Pin=Mat1-59
Removed Pin From Net: NetName=61 Pin=Mat1-61
Removed Pin From Net: NetName=62 Pin=Mat1-62
Removed Pin From Net: NetName=64 Pin=Mat1-64
Removed Pin From Net: NetName=66 Pin=Mat1-66
Removed Pin From Net: NetName=67 Pin=Mat1-67
Removed Pin From Net: NetName=68 Pin=Mat1-68
Removed Pin From Net: NetName=71 Pin=Mat1-71
Removed Member From Class: ClassName=Signal Member=Mat1
Added Component: Designator=Mat?(LED_Matrix)
Added Pin To Net: NetName=2 Pin=IC1-1
Added Pin To Net: NetName=3 Pin=IC1-2
Added Pin To Net: NetName=6 Pin=IC1-5
Added Pin To Net: NetName=1 Pin=IC1-15
Added Pin To Net: NetName=11 Pin=IC2-2
Added Pin To Net: NetName=12 Pin=IC2-3
Added Pin To Net: NetName=13 Pin=IC2-4
Added Pin To Net: NetName=14 Pin=IC2-5
Added Pin To Net: NetName=21 Pin=IC3-4
Added Pin To Net: NetName=23 Pin=IC3-6
Added Pin To Net: NetName=24 Pin=IC3-7
Added Pin To Net: NetName=17 Pin=IC3-15
Added Pin To Net: NetName=27 Pin=IC4-2
Added Pin To Net: NetName=29 Pin=IC4-4
Added Pin To Net: NetName=30 Pin=IC4-5
Added Pin To Net: NetName=32 Pin=IC4-7
Added Pin To Net: NetName=25 Pin=IC4-15
Added Pin To Net: NetName=34 Pin=IC5-1
Added Pin To Net: NetName=35 Pin=IC5-2
Added Pin To Net: NetName=36 Pin=IC5-3
Added Pin To Net: NetName=38 Pin=IC5-5
Added Pin To Net: NetName=40 Pin=IC5-7
Added Pin To Net: NetName=33 Pin=IC5-15
Added Pin To Net: NetName=42 Pin=IC6-1
Added Pin To Net: NetName=44 Pin=IC6-3
Added Pin To Net: NetName=47 Pin=IC6-6
Added Pin To Net: NetName=48 Pin=IC6-7
Added Pin To Net: NetName=41 Pin=IC6-15
Added Pin To Net: NetName=51 Pin=IC7-2
Added Pin To Net: NetName=52 Pin=IC7-3
Added Pin To Net: NetName=53 Pin=IC7-4
Added Pin To Net: NetName=55 Pin=IC7-6
Added Pin To Net: NetName=56 Pin=IC7-7
Added Pin To Net: NetName=58 Pin=IC8-1
Added Pin To Net: NetName=59 Pin=IC8-2
Added Pin To Net: NetName=61 Pin=IC8-4
Added Pin To Net: NetName=62 Pin=IC8-5
Added Pin To Net: NetName=64 Pin=IC8-7
Added Pin To Net: NetName=57 Pin=IC8-15
Added Pin To Net: NetName=66 Pin=IC9-1
Added Pin To Net: NetName=67 Pin=IC9-2
Added Pin To Net: NetName=68 Pin=IC9-3
Added Pin To Net: NetName=71 Pin=IC9-6
Added Pin To Net: NetName=1 Pin=Mat?-1
Added Pin To Net: NetName=2 Pin=Mat?-2
Added Pin To Net: NetName=3 Pin=Mat?-3
Added Pin To Net: NetName=4 Pin=Mat?-4
Added Pin To Net: NetName=5 Pin=Mat?-5
Added Pin To Net: NetName=6 Pin=Mat?-6
Added Pin To Net: NetName=7 Pin=Mat?-7
Added Pin To Net: NetName=8 Pin=Mat?-8
Added Pin To Net: NetName=9 Pin=Mat?-9
Added Pin To Net: NetName=10 Pin=Mat?-10
Added Pin To Net: NetName=11 Pin=Mat?-11
Added Pin To Net: NetName=12 Pin=Mat?-12
Added Pin To Net: NetName=13 Pin=Mat?-13
Added Pin To Net: NetName=14 Pin=Mat?-14
Added Pin To Net: NetName=15 Pin=Mat?-15
Added Pin To Net: NetName=16 Pin=Mat?-16
Added Pin To Net: NetName=17 Pin=Mat?-17
Added Pin To Net: NetName=18 Pin=Mat?-18
Added Pin To Net: NetName=19 Pin=Mat?-19
Added Pin To Net: NetName=20 Pin=Mat?-20
Added Pin To Net: NetName=21 Pin=Mat?-21
Added Pin To Net: NetName=22 Pin=Mat?-22
Added Pin To Net: NetName=23 Pin=Mat?-23
Added Pin To Net: NetName=24 Pin=Mat?-24
Added Pin To Net: NetName=25 Pin=Mat?-25
Added Pin To Net: NetName=26 Pin=Mat?-26
Added Pin To Net: NetName=27 Pin=Mat?-27
Added Pin To Net: NetName=28 Pin=Mat?-28
Added Pin To Net: NetName=29 Pin=Mat?-29
Added Pin To Net: NetName=30 Pin=Mat?-30
Added Pin To Net: NetName=31 Pin=Mat?-31
Added Pin To Net: NetName=32 Pin=Mat?-32
Added Pin To Net: NetName=33 Pin=Mat?-33
Added Pin To Net: NetName=33 Pin=Mat?-33
Added Pin To Net: NetName=34 Pin=Mat?-34
Added Pin To Net: NetName=35 Pin=Mat?-35
Added Pin To Net: NetName=36 Pin=Mat?-36
Added Pin To Net: NetName=37 Pin=Mat?-37
Added Pin To Net: NetName=38 Pin=Mat?-38
Added Pin To Net: NetName=39 Pin=Mat?-39
Added Pin To Net: NetName=40 Pin=Mat?-40
Added Pin To Net: NetName=41 Pin=Mat?-41
Added Pin To Net: NetName=41 Pin=Mat?-41
Added Pin To Net: NetName=42 Pin=Mat?-42
Added Pin To Net: NetName=43 Pin=Mat?-43
Added Pin To Net: NetName=44 Pin=Mat?-44
Added Pin To Net: NetName=45 Pin=Mat?-45
Added Pin To Net: NetName=46 Pin=Mat?-46
Added Pin To Net: NetName=47 Pin=Mat?-47
Added Pin To Net: NetName=48 Pin=Mat?-48
Added Pin To Net: NetName=49 Pin=Mat?-49
Added Pin To Net: NetName=50 Pin=Mat?-50
Added Pin To Net: NetName=51 Pin=Mat?-51
Added Pin To Net: NetName=52 Pin=Mat?-52
Added Pin To Net: NetName=53 Pin=Mat?-53
Added Pin To Net: NetName=54 Pin=Mat?-54
Added Pin To Net: NetName=55 Pin=Mat?-55
Added Pin To Net: NetName=56 Pin=Mat?-56
Added Pin To Net: NetName=57 Pin=Mat?-57
Added Pin To Net: NetName=58 Pin=Mat?-58
Added Pin To Net: NetName=59 Pin=Mat?-59
Added Pin To Net: NetName=60 Pin=Mat?-60
Added Pin To Net: NetName=61 Pin=Mat?-61
Added Pin To Net: NetName=62 Pin=Mat?-62
Added Pin To Net: NetName=63 Pin=Mat?-63
Added Pin To Net: NetName=64 Pin=Mat?-64
Added Pin To Net: NetName=65 Pin=Mat?-65
Added Pin To Net: NetName=66 Pin=Mat?-66
Added Pin To Net: NetName=67 Pin=Mat?-67
Added Pin To Net: NetName=68 Pin=Mat?-68
Added Pin To Net: NetName=69 Pin=Mat?-69
Added Pin To Net: NetName=70 Pin=Mat?-70
Added Pin To Net: NetName=71 Pin=Mat?-71
Added Pin To Net: NetName=72 Pin=Mat?-72
Added Class: Name=Designator
Added Class: Name=[0..72]
Added Room: Name=Designator
