Added Component: Designator=P2(JP8)
Add component (AddParameter): Name = "LatestRevisionDate"; Value = "17-Jul-2002"; VariantName = "[No Variations]"
Add component (AddParameter): Name = "LatestRevisionNote"; Value = "Re-released for DXP Platform."; VariantName = "[No Variations]"
Add component (AddParameter): Name = "Publisher"; Value = "Altium Limited"; VariantName = "[No Variations]"
Added Component: Designator=P3(JP8)
Add component (AddParameter): Name = "LatestRevisionDate"; Value = "17-Jul-2002"; VariantName = "[No Variations]"
Add component (AddParameter): Name = "LatestRevisionNote"; Value = "Re-released for DXP Platform."; VariantName = "[No Variations]"
Add component (AddParameter): Name = "Publisher"; Value = "Altium Limited"; VariantName = "[No Variations]"
Added Component: Designator=P4(JP8)
Add component (AddParameter): Name = "LatestRevisionDate"; Value = "17-Jul-2002"; VariantName = "[No Variations]"
Add component (AddParameter): Name = "LatestRevisionNote"; Value = "Re-released for DXP Platform."; VariantName = "[No Variations]"
Add component (AddParameter): Name = "Publisher"; Value = "Altium Limited"; VariantName = "[No Variations]"
Added Component: Designator=P5(JP8)
Add component (AddParameter): Name = "LatestRevisionDate"; Value = "17-Jul-2002"; VariantName = "[No Variations]"
Add component (AddParameter): Name = "LatestRevisionNote"; Value = "Re-released for DXP Platform."; VariantName = "[No Variations]"
Add component (AddParameter): Name = "Publisher"; Value = "Altium Limited"; VariantName = "[No Variations]"
Added Component: Designator=P6(JP8)
Add component (AddParameter): Name = "LatestRevisionDate"; Value = "17-Jul-2002"; VariantName = "[No Variations]"
Add component (AddParameter): Name = "LatestRevisionNote"; Value = "Re-released for DXP Platform."; VariantName = "[No Variations]"
Add component (AddParameter): Name = "Publisher"; Value = "Altium Limited"; VariantName = "[No Variations]"
Added Component: Designator=P7(JP8)
Add component (AddParameter): Name = "LatestRevisionDate"; Value = "17-Jul-2002"; VariantName = "[No Variations]"
Add component (AddParameter): Name = "LatestRevisionNote"; Value = "Re-released for DXP Platform."; VariantName = "[No Variations]"
Add component (AddParameter): Name = "Publisher"; Value = "Altium Limited"; VariantName = "[No Variations]"
Added Component: Designator=P8(JP8)
Add component (AddParameter): Name = "LatestRevisionDate"; Value = "17-Jul-2002"; VariantName = "[No Variations]"
Add component (AddParameter): Name = "LatestRevisionNote"; Value = "Re-released for DXP Platform."; VariantName = "[No Variations]"
Add component (AddParameter): Name = "Publisher"; Value = "Altium Limited"; VariantName = "[No Variations]"
Added Component: Designator=P9(JP8)
Add component (AddParameter): Name = "LatestRevisionDate"; Value = "17-Jul-2002"; VariantName = "[No Variations]"
Add component (AddParameter): Name = "LatestRevisionNote"; Value = "Re-released for DXP Platform."; VariantName = "[No Variations]"
Add component (AddParameter): Name = "Publisher"; Value = "Altium Limited"; VariantName = "[No Variations]"
Added Component: Designator=P10(JP8)
Add component (AddParameter): Name = "LatestRevisionDate"; Value = "17-Jul-2002"; VariantName = "[No Variations]"
Add component (AddParameter): Name = "LatestRevisionNote"; Value = "Re-released for DXP Platform."; VariantName = "[No Variations]"
Add component (AddParameter): Name = "Publisher"; Value = "Altium Limited"; VariantName = "[No Variations]"
Added Pin To Net: NetName=1 Pin=P3-1
Added Pin To Net: NetName=2 Pin=P3-2
Added Pin To Net: NetName=3 Pin=P3-3
Added Pin To Net: NetName=4 Pin=P3-4
Added Pin To Net: NetName=5 Pin=P3-5
Added Pin To Net: NetName=6 Pin=P3-6
Added Pin To Net: NetName=7 Pin=P3-7
Added Pin To Net: NetName=8 Pin=P3-8
Added Pin To Net: NetName=9 Pin=P4-1
Added Pin To Net: NetName=10 Pin=P4-2
Added Pin To Net: NetName=11 Pin=P4-3
Added Pin To Net: NetName=12 Pin=P4-4
Added Pin To Net: NetName=13 Pin=P4-5
Added Pin To Net: NetName=14 Pin=P4-6
Added Pin To Net: NetName=15 Pin=P4-7
Added Pin To Net: NetName=16 Pin=P4-8
Added Pin To Net: NetName=17 Pin=P5-1
Added Pin To Net: NetName=18 Pin=P5-2
Added Pin To Net: NetName=19 Pin=P5-3
Added Pin To Net: NetName=20 Pin=P5-4
Added Pin To Net: NetName=21 Pin=P5-5
Added Pin To Net: NetName=22 Pin=P5-6
Added Pin To Net: NetName=23 Pin=P5-7
Added Pin To Net: NetName=24 Pin=P5-8
Added Pin To Net: NetName=25 Pin=P6-1
Added Pin To Net: NetName=26 Pin=P6-2
Added Pin To Net: NetName=27 Pin=P6-3
Added Pin To Net: NetName=28 Pin=P6-4
Added Pin To Net: NetName=29 Pin=P6-5
Added Pin To Net: NetName=30 Pin=P6-6
Added Pin To Net: NetName=31 Pin=P6-7
Added Pin To Net: NetName=32 Pin=P6-8
Added Pin To Net: NetName=33 Pin=P7-1
Added Pin To Net: NetName=34 Pin=P7-2
Added Pin To Net: NetName=35 Pin=P7-3
Added Pin To Net: NetName=36 Pin=P7-4
Added Pin To Net: NetName=37 Pin=P7-5
Added Pin To Net: NetName=38 Pin=P7-6
Added Pin To Net: NetName=39 Pin=P7-7
Added Pin To Net: NetName=40 Pin=P7-8
Added Pin To Net: NetName=41 Pin=P8-1
Added Pin To Net: NetName=42 Pin=P8-2
Added Pin To Net: NetName=43 Pin=P8-3
Added Pin To Net: NetName=44 Pin=P8-4
Added Pin To Net: NetName=45 Pin=P8-5
Added Pin To Net: NetName=46 Pin=P8-6
Added Pin To Net: NetName=47 Pin=P8-7
Added Pin To Net: NetName=48 Pin=P8-8
Added Pin To Net: NetName=49 Pin=P9-1
Added Pin To Net: NetName=50 Pin=P9-2
Added Pin To Net: NetName=51 Pin=P9-3
Added Pin To Net: NetName=52 Pin=P9-4
Added Pin To Net: NetName=53 Pin=P9-5
Added Pin To Net: NetName=54 Pin=P9-6
Added Pin To Net: NetName=55 Pin=P9-7
Added Pin To Net: NetName=56 Pin=P9-8
Added Pin To Net: NetName=57 Pin=P10-1
Added Pin To Net: NetName=58 Pin=P10-2
Added Pin To Net: NetName=59 Pin=P10-3
Added Pin To Net: NetName=60 Pin=P10-4
Added Pin To Net: NetName=61 Pin=P10-5
Added Pin To Net: NetName=62 Pin=P10-6
Added Pin To Net: NetName=63 Pin=P10-7
Added Pin To Net: NetName=64 Pin=P10-8
Added Pin To Net: NetName=NetP2_1 Pin=P2-1
Added Pin To Net: NetName=NetP2_1 Pin=R1-2
Added Net: Name=NetP2_1
Added Pin To Net: NetName=NetP2_2 Pin=P2-2
Added Pin To Net: NetName=NetP2_2 Pin=R2-2
Added Net: Name=NetP2_2
Added Pin To Net: NetName=NetP2_3 Pin=P2-3
Added Pin To Net: NetName=NetP2_3 Pin=R3-2
Added Net: Name=NetP2_3
Added Pin To Net: NetName=NetP2_4 Pin=P2-4
Added Pin To Net: NetName=NetP2_4 Pin=R4-2
Added Net: Name=NetP2_4
Added Pin To Net: NetName=NetP2_5 Pin=P2-5
Added Pin To Net: NetName=NetP2_5 Pin=R5-2
Added Net: Name=NetP2_5
Added Pin To Net: NetName=NetP2_6 Pin=P2-6
Added Pin To Net: NetName=NetP2_6 Pin=R7-2
Added Net: Name=NetP2_6
Added Pin To Net: NetName=NetP2_7 Pin=P2-7
Added Pin To Net: NetName=NetP2_7 Pin=R8-2
Added Net: Name=NetP2_7
Added Pin To Net: NetName=NetP2_8 Pin=P2-8
Added Pin To Net: NetName=NetP2_8 Pin=R10-2
Added Net: Name=NetP2_8
Added Member To Class: ClassName=Designator Member=Component P2 Header 8
Added Member To Class: ClassName=Designator Member=Component P3 Header 8
Added Member To Class: ClassName=Designator Member=Component P4 Header 8
Added Member To Class: ClassName=Designator Member=Component P5 Header 8
Added Member To Class: ClassName=Designator Member=Component P6 Header 8
Added Member To Class: ClassName=Designator Member=Component P7 Header 8
Added Member To Class: ClassName=Designator Member=Component P8 Header 8
Added Member To Class: ClassName=Designator Member=Component P9 Header 8
Added Member To Class: ClassName=Designator Member=Component P10 Header 8
Added Room: Name=Designator
Added Room: Name=Power
Added Room: Name=Shift
Added Room: Name=Signal
