Added Component: Designator=Mat1(LED_Matrix)
Added Pin To Net: NetName=1 Pin=Mat1-1
Added Pin To Net: NetName=2 Pin=Mat1-2
Added Pin To Net: NetName=3 Pin=Mat1-3
Added Pin To Net: NetName=4 Pin=Mat1-4
Added Pin To Net: NetName=5 Pin=Mat1-5
Added Pin To Net: NetName=6 Pin=Mat1-6
Added Pin To Net: NetName=7 Pin=Mat1-7
Added Pin To Net: NetName=8 Pin=Mat1-8
Added Pin To Net: NetName=9 Pin=Mat1-9
Added Pin To Net: NetName=10 Pin=Mat1-10
Added Pin To Net: NetName=11 Pin=Mat1-11
Added Pin To Net: NetName=12 Pin=Mat1-12
Added Pin To Net: NetName=13 Pin=Mat1-13
Added Pin To Net: NetName=14 Pin=Mat1-14
Added Pin To Net: NetName=15 Pin=Mat1-15
Added Pin To Net: NetName=16 Pin=Mat1-16
Added Pin To Net: NetName=17 Pin=Mat1-17
Added Pin To Net: NetName=18 Pin=Mat1-18
Added Pin To Net: NetName=19 Pin=Mat1-19
Added Pin To Net: NetName=20 Pin=Mat1-20
Added Pin To Net: NetName=21 Pin=Mat1-21
Added Pin To Net: NetName=22 Pin=Mat1-22
Added Pin To Net: NetName=23 Pin=Mat1-23
Added Pin To Net: NetName=24 Pin=Mat1-24
Added Pin To Net: NetName=25 Pin=Mat1-25
Added Pin To Net: NetName=26 Pin=Mat1-26
Added Pin To Net: NetName=27 Pin=Mat1-27
Added Pin To Net: NetName=28 Pin=Mat1-28
Added Pin To Net: NetName=29 Pin=Mat1-29
Added Pin To Net: NetName=30 Pin=Mat1-30
Added Pin To Net: NetName=31 Pin=Mat1-31
Added Pin To Net: NetName=32 Pin=Mat1-32
Added Pin To Net: NetName=33 Pin=Mat1-33
Added Pin To Net: NetName=33 Pin=Mat1-33
Added Pin To Net: NetName=34 Pin=Mat1-34
Added Pin To Net: NetName=35 Pin=Mat1-35
Added Pin To Net: NetName=36 Pin=Mat1-36
Added Pin To Net: NetName=37 Pin=Mat1-37
Added Pin To Net: NetName=38 Pin=Mat1-38
Added Pin To Net: NetName=39 Pin=Mat1-39
Added Pin To Net: NetName=40 Pin=Mat1-40
Added Pin To Net: NetName=41 Pin=Mat1-41
Added Pin To Net: NetName=41 Pin=Mat1-41
Added Pin To Net: NetName=42 Pin=Mat1-42
Added Pin To Net: NetName=43 Pin=Mat1-43
Added Pin To Net: NetName=44 Pin=Mat1-44
Added Pin To Net: NetName=45 Pin=Mat1-45
Added Pin To Net: NetName=46 Pin=Mat1-46
Added Pin To Net: NetName=47 Pin=Mat1-47
Added Pin To Net: NetName=48 Pin=Mat1-48
Added Pin To Net: NetName=49 Pin=Mat1-49
Added Pin To Net: NetName=50 Pin=Mat1-50
Added Pin To Net: NetName=51 Pin=Mat1-51
Added Pin To Net: NetName=52 Pin=Mat1-52
Added Pin To Net: NetName=53 Pin=Mat1-53
Added Pin To Net: NetName=54 Pin=Mat1-54
Added Pin To Net: NetName=55 Pin=Mat1-55
Added Pin To Net: NetName=56 Pin=Mat1-56
Added Pin To Net: NetName=57 Pin=Mat1-57
Added Pin To Net: NetName=58 Pin=Mat1-58
Added Pin To Net: NetName=59 Pin=Mat1-59
Added Pin To Net: NetName=60 Pin=Mat1-60
Added Pin To Net: NetName=61 Pin=Mat1-61
Added Pin To Net: NetName=62 Pin=Mat1-62
Added Pin To Net: NetName=63 Pin=Mat1-63
Added Pin To Net: NetName=64 Pin=Mat1-64
Added Pin To Net: NetName=NetMat1_65 Pin=Mat1-65
Added Pin To Net: NetName=NetMat1_66 Pin=Mat1-66
Added Pin To Net: NetName=NetMat1_67 Pin=Mat1-67
Added Pin To Net: NetName=NetMat1_68 Pin=Mat1-68
Added Pin To Net: NetName=NetMat1_69 Pin=Mat1-69
Added Pin To Net: NetName=NetMat1_70 Pin=Mat1-70
Added Pin To Net: NetName=NetMat1_71 Pin=Mat1-71
Added Pin To Net: NetName=NetMat1_72 Pin=Mat1-72
Added Member To Class: ClassName=Designator Member=Component Mat1 LED_Matrix
Added Room: Name=Designator
Added Room: Name=Power
Added Room: Name=Shift
Added Room: Name=Signal
