Removed Pin From Net: NetName=+5 Pin= 1-2
Removed Pin From Net: NetName=G4 Pin=Q1-1
Removed Pin From Net: NetName=+5 Pin=Q1-2
Removed Pin From Net: NetName=G3 Pin=Q2-1
Removed Pin From Net: NetName=+5 Pin=Q2-2
Removed Pin From Net: NetName=+5 Pin=Q3-2
Removed Pin From Net: NetName=G2 Pin=Q4-1
Removed Pin From Net: NetName=+5 Pin=Q4-2
Removed Pin From Net: NetName=+5 Pin=Q5-2
Removed Pin From Net: NetName=G1 Pin=Q6-1
Removed Pin From Net: NetName=+5 Pin=Q6-2
Removed Pin From Net: NetName=+5 Pin=Q7-2
Change Component Designator: OldDesignator= 1 NewDesignator=1
Change Component Designator: OldDesignator=Q1 NewDesignator=2
Change Component Designator: OldDesignator=Q2 NewDesignator=3
Change Component Designator: OldDesignator=Q3 NewDesignator=4
Change Component Designator: OldDesignator=Q4 NewDesignator=5
Change Component Designator: OldDesignator=Q5 NewDesignator=6
Change Component Designator: OldDesignator=Q6 NewDesignator=7
Change Component Designator: OldDesignator=Q7 NewDesignator=8
Added Pin To Net: NetName=GND Pin=1-1
Added Pin To Net: NetName=G4 Pin=1-2
Added Pin To Net: NetName=GND Pin=2-1
Added Pin To Net: NetName=GND Pin=3-1
Added Pin To Net: NetName=G3 Pin=3-2
Added Pin To Net: NetName=GND Pin=4-1
Added Pin To Net: NetName=GND Pin=5-1
Added Pin To Net: NetName=G2 Pin=5-2
Added Pin To Net: NetName=GND Pin=6-1
Added Pin To Net: NetName=GND Pin=7-1
Added Pin To Net: NetName=G1 Pin=7-2
Added Pin To Net: NetName=GND Pin=8-1
Change Net Name : Old Net Name=NetQ2_3 New Net Name=Net3_3
Change Net Name : Old Net Name=NetQ3_3 New Net Name=Net4_3
Change Net Name : Old Net Name=NetQ4_3 New Net Name=Net5_3
Change Net Name : Old Net Name=NetQ5_3 New Net Name=Net6_3
Change Net Name : Old Net Name=NetQ6_3 New Net Name=Net7_3
Change Net Name : Old Net Name=NetQ7_3 New Net Name=Net8_3
Added Pin To Net: NetName=Net1_3 Pin=1-3
Added Pin To Net: NetName=Net1_3 Pin=R6-2
Added Net: Name=Net1_3
Added Pin To Net: NetName=Net2_2 Pin=2-2
Added Pin To Net: NetName=Net2_2 Pin=R5-1
Added Net: Name=Net2_2
Added Pin To Net: NetName=Net2_3 Pin=2-3
Added Pin To Net: NetName=Net2_3 Pin=R9-2
Added Net: Name=Net2_3
Added Pin To Net: NetName=Net4_2 Pin=4-2
Added Pin To Net: NetName=Net4_2 Pin=R7-1
Added Net: Name=Net4_2
Added Pin To Net: NetName=Net6_2 Pin=6-2
Added Pin To Net: NetName=Net6_2 Pin=R8-1
Added Net: Name=Net6_2
Added Pin To Net: NetName=Net8_2 Pin=8-2
Added Pin To Net: NetName=Net8_2 Pin=R10-1
Added Net: Name=Net8_2
Added Member To Class: ClassName=Designator Member=Component 1 C1815
Added Member To Class: ClassName=Designator Member=Component 2 C1815
Added Member To Class: ClassName=Designator Member=Component 3 C1815
Added Member To Class: ClassName=Designator Member=Component 4 C1815
Added Member To Class: ClassName=Designator Member=Component 5 C1815
Added Member To Class: ClassName=Designator Member=Component 6 C1815
Added Member To Class: ClassName=Designator Member=Component 7 C1815
Added Member To Class: ClassName=Designator Member=Component 8 C1815
Added Room: Name=Designator
Added Room: Name=Power
Added Room: Name=Shift
Added Room: Name=Signal
