Removed Pin From Net: NetName=+5 Pin=P1-1
Change Component Footprint: Designator=R6 Old Footprint=RES-SM-0805 New Footprint=RES 1/2W
Change Component Footprint: Designator=R9 Old Footprint=RES-SM-0805 New Footprint=RES 1/2W
Change Component Footprint: Designator=R11 Old Footprint=RES-SM-0805 New Footprint=RES 1/2W
Change Component Footprint: Designator=R12 Old Footprint=RES-SM-0805 New Footprint=RES 1/2W
Change Component Footprint: Designator=R13 Old Footprint=RES-SM-0805 New Footprint=RES 1/2W
Change Component Footprint: Designator=R14 Old Footprint=RES-SM-0805 New Footprint=RES 1/2W
Change Component Footprint: Designator=R15 Old Footprint=RES-SM-0805 New Footprint=RES 1/2W
Added Component: Designator=D1(D1A)
Added Component: Designator=F1(FUSE)
Added Pin To Net: NetName=+5 Pin=F1-2
Added Pin To Net: NetName=+5 Pin=F1-2
Added Pin To Net: NetName=NetD1_1 Pin=D1-1
Added Pin To Net: NetName=NetD1_1 Pin=P1-1
Added Net: Name=NetD1_1
Added Pin To Net: NetName=NetD1_2 Pin=D1-2
Added Pin To Net: NetName=NetD1_2 Pin=F1-1
Added Pin To Net: NetName=NetD1_2 Pin=F1-1
Added Net: Name=NetD1_2
Added Member To Class: ClassName=Power Member=Component D1 Diode
Added Member To Class: ClassName=Power Member=Component F1 Fuse
Added Room: Name=Designator
Added Room: Name=Power
Added Room: Name=Shift
Added Room: Name=Signal
